Using pre-set license
Built from '2020.3/release' branch; Version is '2020.3.15f2 (6cf78cb77498) revision 7141260'; Using compiler version '192528614'; Build Type 'Release'
OS: 'Windows 10 Pro; OS build 19043.1165; Version 2009; 64bit' Language: 'ru' Physical Memory: 16244 MB
BatchMode: 1, IsHumanControllingUs: 0, StartBugReporterOnCrash: 0, Is64bit: 1, IsPro: 0

 COMMAND LINE ARGUMENTS:
D:\Unity\2020.3.15f2\Editor\Unity.exe
-adb2
-batchMode
-noUpm
-name
AssetImportWorker0
-projectPath
D:/Project/VLs_chemistry
-logFile
Logs/AssetImportWorker0.log
-srvPort
64163
Successfully changed project path to: D:/Project/VLs_chemistry
D:/Project/VLs_chemistry
Using Asset Import Pipeline V2.
Refreshing native plugins compatible for Editor in 51.52 ms, found 2 plugins.
Preloading 0 native plugins for Editor in 0.00 ms.
Initialize engine version: 2020.3.15f2 (6cf78cb77498)
[Subsystems] Discovering subsystems at path D:/Unity/2020.3.15f2/Editor/Data/Resources/UnitySubsystems
[Subsystems] Discovering subsystems at path D:/Project/VLs_chemistry/Assets
GfxDevice: creating device client; threaded=0
Direct3D:
    Version:  Direct3D 11.0 [level 11.1]
    Renderer: NVIDIA GeForce GTX 1050 (ID=0x1c8d)
    Vendor:   
    VRAM:     4019 MB
    Driver:   30.0.14.7141
Shader 'Universal Render Pipeline/Particles/Lit': fallback shader 'Universal Render Pipeline/Particles/SimpleLit' not found
Initialize mono
Mono path[0] = 'D:/Unity/2020.3.15f2/Editor/Data/Managed'
Mono path[1] = 'D:/Unity/2020.3.15f2/Editor/Data/MonoBleedingEdge/lib/mono/unityjit'
Mono config path = 'D:/Unity/2020.3.15f2/Editor/Data/MonoBleedingEdge/etc'
Using monoOptions --debugger-agent=transport=dt_socket,embedding=1,server=y,suspend=n,address=127.0.0.1:56848
Begin MonoManager ReloadAssembly
Registering precompiled unity dll's ...
Register platform support module: D:/Unity/2020.3.15f2/Editor/Data/PlaybackEngines/WebGLSupport/UnityEditor.WebGL.Extensions.dll
Register platform support module: D:/Unity/2020.3.15f2/Editor/Data/PlaybackEngines/WindowsStandaloneSupport/UnityEditor.WindowsStandalone.Extensions.dll
Registered in 0.003044 seconds.
Native extension for WindowsStandalone target not found
Native extension for WebGL target not found
Refreshing native plugins compatible for Editor in 50.08 ms, found 2 plugins.
Preloading 0 native plugins for Editor in 0.00 ms.
Mono: successfully reloaded assembly
- Completed reload, in  1.059 seconds
Domain Reload Profiling:
	ReloadAssembly (1059ms)
		BeginReloadAssembly (55ms)
			ExecutionOrderSort (0ms)
			DisableScriptedObjects (0ms)
			BackupInstance (0ms)
			ReleaseScriptingObjects (0ms)
			CreateAndSetChildDomain (1ms)
		EndReloadAssembly (419ms)
			LoadAssemblies (53ms)
			RebuildTransferFunctionScriptingTraits (0ms)
			SetupTypeCache (139ms)
			ReleaseScriptCaches (0ms)
			RebuildScriptCaches (35ms)
			SetupLoadedEditorAssemblies (173ms)
				LogAssemblyErrors (0ms)
				InitializePlatformSupportModulesInManaged (5ms)
				SetLoadedEditorAssemblies (0ms)
				RefreshPlugins (50ms)
				BeforeProcessingInitializeOnLoad (10ms)
				ProcessInitializeOnLoadAttributes (82ms)
				ProcessInitializeOnLoadMethodAttributes (26ms)
				AfterProcessingInitializeOnLoad (0ms)
				EditorAssembliesLoaded (0ms)
			ExecutionOrderSort2 (0ms)
			AwakeInstancesAfterBackupRestoration (0ms)
Platform modules already initialized, skipping
Registering precompiled user dll's ...
Registered in 0.004802 seconds.
Begin MonoManager ReloadAssembly
Native extension for WindowsStandalone target not found
Native extension for WebGL target not found
Refreshing native plugins compatible for Editor in 60.33 ms, found 2 plugins.
Preloading 0 native plugins for Editor in 0.00 ms.
Mono: successfully reloaded assembly
- Completed reload, in  1.277 seconds
Domain Reload Profiling:
	ReloadAssembly (1278ms)
		BeginReloadAssembly (142ms)
			ExecutionOrderSort (0ms)
			DisableScriptedObjects (5ms)
			BackupInstance (0ms)
			ReleaseScriptingObjects (0ms)
			CreateAndSetChildDomain (18ms)
		EndReloadAssembly (1073ms)
			LoadAssemblies (88ms)
			RebuildTransferFunctionScriptingTraits (0ms)
			SetupTypeCache (289ms)
			ReleaseScriptCaches (1ms)
			RebuildScriptCaches (64ms)
			SetupLoadedEditorAssemblies (502ms)
				LogAssemblyErrors (0ms)
				InitializePlatformSupportModulesInManaged (5ms)
				SetLoadedEditorAssemblies (0ms)
				RefreshPlugins (60ms)
				BeforeProcessingInitializeOnLoad (109ms)
				ProcessInitializeOnLoadAttributes (315ms)
				ProcessInitializeOnLoadMethodAttributes (4ms)
				AfterProcessingInitializeOnLoad (8ms)
				EditorAssembliesLoaded (0ms)
			ExecutionOrderSort2 (0ms)
			AwakeInstancesAfterBackupRestoration (6ms)
Platform modules already initialized, skipping
========================================================================
Worker process is ready to serve import requests
Shader 'Universal Render Pipeline/Particles/Lit': fallback shader 'Universal Render Pipeline/Particles/SimpleLit' not found
Launched and connected shader compiler UnityShaderCompiler.exe after 0.05 seconds
Refreshing native plugins compatible for Editor in 0.54 ms, found 2 plugins.
Preloading 0 native plugins for Editor in 0.00 ms.
Unloading 2841 Unused Serialized files (Serialized files now loaded: 0)
System memory in use before: 140.8 MB.
System memory in use after: 140.7 MB.

Unloading 22 unused Assets to reduce memory usage. Loaded Objects now: 3294.
Total: 4.765700 ms (FindLiveObjects: 0.442300 ms CreateObjectMapping: 0.196000 ms MarkObjects: 3.630700 ms  DeleteObjects: 0.495300 ms)

AssetImportParameters requested are different than current active one (requested -> active):
  custom:framework-win-MediaFoundation: 216162199b28c13a410421893ffa2e32 -> 
  custom:video-decoder-ogg-theora: a1e56fd34408186e4bbccfd4996cb3dc -> 
  custom:container-muxer-webm: aa71ff27fc2769a1b78a27578f13a17b -> 
  custom:container-demuxer-webm: 4f35f7cbe854078d1ac9338744f61a02 -> 
  custom:container-demuxer-ogg: 62fdf1f143b41e24485cea50d1cbac27 -> 
  custom:video-encoder-webm-vp8: eb34c28f22e8b96e1ab97ce403110664 -> 
  custom:video-decoder-webm-vp8: 9c59270c3fd7afecdb556c50c9e8de78 -> 
  custom:audio-decoder-ogg-vorbis: bf7c407c2cedff20999df2af8eb42d56 -> 
  custom:audio-encoder-webm-vorbis: bf7c407c2cedff20999df2af8eb42d56 -> 
========================================================================
Received Import Request.
  path: Assets/Settings/UniversalRenderPipelineAsset_Renderer.asset
  artifactKey: Guid(d6500e301bcd9c04b87f698d6d6876bd) Importer(815301076,1909f56bfc062723c751e8b465ee728b)
Start importing Assets/Settings/UniversalRenderPipelineAsset_Renderer.asset using Guid(d6500e301bcd9c04b87f698d6d6876bd) Importer(815301076,1909f56bfc062723c751e8b465ee728b)  -> (artifact id: '483b59cfe3fa716fd5bec464fb53d427') in 0.043712 seconds 
  Import took 0.048058 seconds .

========================================================================
Received Import Request.
  Time since last request: 0.000223 seconds.
  path: Assets/Settings/UniversalRenderPipelineAsset.asset
  artifactKey: Guid(50630a22da5eeab49b0b59e26b44c612) Importer(815301076,1909f56bfc062723c751e8b465ee728b)
Start importing Assets/Settings/UniversalRenderPipelineAsset.asset using Guid(50630a22da5eeab49b0b59e26b44c612) Importer(815301076,1909f56bfc062723c751e8b465ee728b)  -> (artifact id: 'c55cb47157440c7906aaa92cf874ad4b') in 0.003840 seconds 
  Import took 0.007673 seconds .

========================================================================
Received Import Request.
  Time since last request: 0.255153 seconds.
  path: Assets/Scenes/SampleScene.unity
  artifactKey: Guid(9fc0d4010bbf28b4594072e72b8655ab) Importer(815301076,1909f56bfc062723c751e8b465ee728b)
Start importing Assets/Scenes/SampleScene.unity using Guid(9fc0d4010bbf28b4594072e72b8655ab) Importer(815301076,1909f56bfc062723c751e8b465ee728b)  -> (artifact id: '924f2b9a843b434677e0a043c489019e') in 0.003906 seconds 
  Import took 0.009020 seconds .

========================================================================
Received Import Request.
  Time since last request: 9.266174 seconds.
  path: Assets/Prefabs/Cursor.prefab
  artifactKey: Guid(352ee3de87682114c8d763856d37a73b) Importer(815301076,1909f56bfc062723c751e8b465ee728b)
Start importing Assets/Prefabs/Cursor.prefab using Guid(352ee3de87682114c8d763856d37a73b) Importer(815301076,1909f56bfc062723c751e8b465ee728b)  -> (artifact id: '639d6069f5d353978018f78f65b8293a') in 0.195590 seconds 
  Import took 0.200886 seconds .

========================================================================
Received Import Request.
  Time since last request: 0.000352 seconds.
  path: Assets/Prefabs/KolbaDlyaCilindrov.prefab
  artifactKey: Guid(46edb7a0852e68247b9df3f6fbf84fa0) Importer(815301076,1909f56bfc062723c751e8b465ee728b)
Start importing Assets/Prefabs/KolbaDlyaCilindrov.prefab using Guid(46edb7a0852e68247b9df3f6fbf84fa0) Importer(815301076,1909f56bfc062723c751e8b465ee728b)  -> (artifact id: 'b411b12a1309b5e4e34c0f059f04d371') in 0.029477 seconds 
  Import took 0.033578 seconds .

========================================================================
Received Import Request.
  Time since last request: 0.000250 seconds.
  path: Assets/Prefabs/Kolba.prefab
  artifactKey: Guid(d0594f8ca24b00943a3b93c9bf1d9f14) Importer(815301076,1909f56bfc062723c751e8b465ee728b)
Start importing Assets/Prefabs/Kolba.prefab using Guid(d0594f8ca24b00943a3b93c9bf1d9f14) Importer(815301076,1909f56bfc062723c751e8b465ee728b)  -> (artifact id: '8666273ea08c8323d9e2372bdd8cbc97') in 0.020890 seconds 
  Import took 0.026354 seconds .

========================================================================
Received Import Request.
  Time since last request: 0.000319 seconds.
  path: Assets/Prefabs/KolbaDlyaCilindra1.prefab
  artifactKey: Guid(f4ab0a7dc86e5534482befd5e241d720) Importer(815301076,1909f56bfc062723c751e8b465ee728b)
Start importing Assets/Prefabs/KolbaDlyaCilindra1.prefab using Guid(f4ab0a7dc86e5534482befd5e241d720) Importer(815301076,1909f56bfc062723c751e8b465ee728b)  -> (artifact id: '44f9b13b1bbcac4db8c9404c3989d526') in 0.016262 seconds 
  Import took 0.021307 seconds .

========================================================================
Received Import Request.
  Time since last request: 0.000370 seconds.
  path: Assets/Prefabs/Monitor_1.prefab
  artifactKey: Guid(172f82f1a89790a43b04997e557d228a) Importer(815301076,1909f56bfc062723c751e8b465ee728b)
Start importing Assets/Prefabs/Monitor_1.prefab using Guid(172f82f1a89790a43b04997e557d228a) Importer(815301076,1909f56bfc062723c751e8b465ee728b)  -> (artifact id: 'dc1ee26960c353190cf5c872df9759fe') in 0.038321 seconds 
  Import took 0.042485 seconds .

========================================================================
Received Import Request.
  Time since last request: 3.639893 seconds.
  path: Assets/Models/Arrow.fbx
  artifactKey: Guid(75937d2406730484a84f0a44715de87c) Importer(815301076,1909f56bfc062723c751e8b465ee728b)
Start importing Assets/Models/Arrow.fbx using Guid(75937d2406730484a84f0a44715de87c) Importer(815301076,1909f56bfc062723c751e8b465ee728b)  -> (artifact id: '4cffdea2699d1492b27845d8e101b2ad') in 0.086009 seconds 
  Import took 0.090253 seconds .

========================================================================
Received Import Request.
  Time since last request: 0.000323 seconds.
  path: Assets/Models/Electrods.fbx
  artifactKey: Guid(b41314ee37742364394da0b641d781f3) Importer(815301076,1909f56bfc062723c751e8b465ee728b)
Start importing Assets/Models/Electrods.fbx using Guid(b41314ee37742364394da0b641d781f3) Importer(815301076,1909f56bfc062723c751e8b465ee728b)  -> (artifact id: '9d078ad922a76b734e18a9283f757c8e') in 0.045335 seconds 
  Import took 0.049120 seconds .

========================================================================
Received Import Request.
  Time since last request: 0.000338 seconds.
  path: Assets/Models/table.fbx
  artifactKey: Guid(eb8ec857f7032ae4baa6d89417ccc3f6) Importer(815301076,1909f56bfc062723c751e8b465ee728b)
Start importing Assets/Models/table.fbx using Guid(eb8ec857f7032ae4baa6d89417ccc3f6) Importer(815301076,1909f56bfc062723c751e8b465ee728b)  -> (artifact id: '56373d78c5af56152a308536725d070d') in 0.173952 seconds 
  Import took 0.177798 seconds .

========================================================================
Received Import Request.
  Time since last request: 0.000318 seconds.
  path: Assets/Models/KolbaNakl.fbx
  artifactKey: Guid(82e36f1a459edee4a8fbdd84acff680f) Importer(815301076,1909f56bfc062723c751e8b465ee728b)
Start importing Assets/Models/KolbaNakl.fbx using Guid(82e36f1a459edee4a8fbdd84acff680f) Importer(815301076,1909f56bfc062723c751e8b465ee728b)  -> (artifact id: 'fb952584842334ab5c62fba4b6be55c0') in 0.047985 seconds 
  Import took 0.052059 seconds .

========================================================================
Received Import Request.
  Time since last request: 0.000325 seconds.
  path: Assets/Models/PaperTest.fbx
  artifactKey: Guid(deac24ece0b901743b6b1460626f3c08) Importer(815301076,1909f56bfc062723c751e8b465ee728b)
Start importing Assets/Models/PaperTest.fbx using Guid(deac24ece0b901743b6b1460626f3c08) Importer(815301076,1909f56bfc062723c751e8b465ee728b)  -> (artifact id: '07c15249dbd8e6b9efa2ea782cd55dcf') in 0.063463 seconds 
  Import took 0.067416 seconds .

========================================================================
Received Import Request.
  Time since last request: 0.000309 seconds.
  path: Assets/Models/Cylinder.fbx
  artifactKey: Guid(805ac87b61de46e4ab337545a94301c8) Importer(815301076,1909f56bfc062723c751e8b465ee728b)
Start importing Assets/Models/Cylinder.fbx using Guid(805ac87b61de46e4ab337545a94301c8) Importer(815301076,1909f56bfc062723c751e8b465ee728b)  -> (artifact id: 'd45e62eb5381807789832e068383e4fc') in 0.016519 seconds 
  Import took 0.020337 seconds .

========================================================================
Received Import Request.
  Time since last request: 0.000234 seconds.
  path: Assets/Models/Bumaga.fbx
  artifactKey: Guid(72279fd4b4c648e48a894b11a8b64fe5) Importer(815301076,1909f56bfc062723c751e8b465ee728b)
Start importing Assets/Models/Bumaga.fbx using Guid(72279fd4b4c648e48a894b11a8b64fe5) Importer(815301076,1909f56bfc062723c751e8b465ee728b)  -> (artifact id: '83643b733ea56d8b9e808ed8ea39aa82') in 0.058593 seconds 
  Import took 0.062683 seconds .

========================================================================
Received Import Request.
  Time since last request: 0.000287 seconds.
  path: Assets/Models/Vanna.fbx
  artifactKey: Guid(c06038443e9e1cd4895f2ae939fb32f2) Importer(815301076,1909f56bfc062723c751e8b465ee728b)
Start importing Assets/Models/Vanna.fbx using Guid(c06038443e9e1cd4895f2ae939fb32f2) Importer(815301076,1909f56bfc062723c751e8b465ee728b)  -> (artifact id: '4161de3c21cd5dec1a5bf19d29cf7203') in 0.019470 seconds 
  Import took 0.023534 seconds .

========================================================================
Received Import Request.
  Time since last request: 0.000343 seconds.
  path: Assets/Models/Chemistry_Elektrod_Voltmetr.fbx
  artifactKey: Guid(7ca12f339c717e9449d0da502caa4ebf) Importer(815301076,1909f56bfc062723c751e8b465ee728b)
Start importing Assets/Models/Chemistry_Elektrod_Voltmetr.fbx using Guid(7ca12f339c717e9449d0da502caa4ebf) Importer(815301076,1909f56bfc062723c751e8b465ee728b)  -> (artifact id: '9a696e010d1ffff147de5aa473dd85ab') in 0.079911 seconds 
  Import took 0.084105 seconds .

========================================================================
Received Import Request.
  Time since last request: 0.000334 seconds.
  path: Assets/Models/Circle.fbx
  artifactKey: Guid(9c75bb54e048d664f9d0dd2919b11ac5) Importer(815301076,1909f56bfc062723c751e8b465ee728b)
Start importing Assets/Models/Circle.fbx using Guid(9c75bb54e048d664f9d0dd2919b11ac5) Importer(815301076,1909f56bfc062723c751e8b465ee728b)  -> (artifact id: '52f1bb4fc4a6314c3e29442dfa258c73') in 0.017851 seconds 
  Import took 0.022676 seconds .

========================================================================
Received Import Request.
  Time since last request: 0.000317 seconds.
  path: Assets/Models/bath.fbx
  artifactKey: Guid(38fba66639f2fd64db5fb1fc9465e59a) Importer(815301076,1909f56bfc062723c751e8b465ee728b)
Start importing Assets/Models/bath.fbx using Guid(38fba66639f2fd64db5fb1fc9465e59a) Importer(815301076,1909f56bfc062723c751e8b465ee728b)  -> (artifact id: '0bd127f591951251025827ca43265438') in 0.020725 seconds 
  Import took 0.024842 seconds .

========================================================================
Received Import Request.
  Time since last request: 0.000339 seconds.
  path: Assets/Models/KolbaCylinder.fbx
  artifactKey: Guid(176a870494face84e87571c2c7ddd2bb) Importer(815301076,1909f56bfc062723c751e8b465ee728b)
Start importing Assets/Models/KolbaCylinder.fbx using Guid(176a870494face84e87571c2c7ddd2bb) Importer(815301076,1909f56bfc062723c751e8b465ee728b)  -> (artifact id: '29151745eeba169555abb4cabd9f1e76') in 0.020549 seconds 
  Import took 0.024964 seconds .

========================================================================
Received Import Request.
  Time since last request: 1.305447 seconds.
  path: Assets/Materials/3DCursorMaterial.mat
  artifactKey: Guid(0a2a53d2d62565b4c8f158af68d57c5a) Importer(815301076,1909f56bfc062723c751e8b465ee728b)
Start importing Assets/Materials/3DCursorMaterial.mat using Guid(0a2a53d2d62565b4c8f158af68d57c5a) Importer(815301076,1909f56bfc062723c751e8b465ee728b)  -> (artifact id: '31e902ea54c24137e663dc780fdb5d2f') in 0.014591 seconds 
  Import took 0.019012 seconds .

========================================================================
Received Import Request.
  Time since last request: 0.000345 seconds.
  path: Assets/Materials/ZnSO4.mat
  artifactKey: Guid(7977e19a584def3409b1b6676ee237dd) Importer(815301076,1909f56bfc062723c751e8b465ee728b)
Start importing Assets/Materials/ZnSO4.mat using Guid(7977e19a584def3409b1b6676ee237dd) Importer(815301076,1909f56bfc062723c751e8b465ee728b)  -> (artifact id: '22ba4b0fd0106d5ef17b478c575f8e52') in 0.011778 seconds 
  Import took 0.015988 seconds .

========================================================================
Received Import Request.
  Time since last request: 0.000313 seconds.
  path: Assets/Materials/Wood.mat
  artifactKey: Guid(017ba721edf97d840ac326c60888c8cf) Importer(815301076,1909f56bfc062723c751e8b465ee728b)
Start importing Assets/Materials/Wood.mat using Guid(017ba721edf97d840ac326c60888c8cf) Importer(815301076,1909f56bfc062723c751e8b465ee728b)  -> (artifact id: 'ce572db36ad505678fc32755305f68de') in 0.015766 seconds 
  Import took 0.020223 seconds .

========================================================================
Received Import Request.
  Time since last request: 0.000348 seconds.
  path: Assets/Materials/Kolba_KCl.mat
  artifactKey: Guid(3785bb58b79dc574096d88caeab42408) Importer(815301076,1909f56bfc062723c751e8b465ee728b)
Start importing Assets/Materials/Kolba_KCl.mat using Guid(3785bb58b79dc574096d88caeab42408) Importer(815301076,1909f56bfc062723c751e8b465ee728b)  -> (artifact id: '9bcb62f5ed490111f2d75d344fe22d28') in 0.013829 seconds 
  Import took 0.019327 seconds .

========================================================================
Received Import Request.
  Time since last request: 0.000353 seconds.
  path: Assets/Materials/Platform.mat
  artifactKey: Guid(273b612308eec8f4c9709201bcdc377d) Importer(815301076,1909f56bfc062723c751e8b465ee728b)
Start importing Assets/Materials/Platform.mat using Guid(273b612308eec8f4c9709201bcdc377d) Importer(815301076,1909f56bfc062723c751e8b465ee728b)  -> (artifact id: 'ba88ededf9ab9200a81637637250afa1') in 0.012963 seconds 
  Import took 0.018625 seconds .

========================================================================
Received Import Request.
  Time since last request: 0.000362 seconds.
  path: Assets/Materials/WireRed.mat
  artifactKey: Guid(41d31eead4ff0064a9243d3bb949ea27) Importer(815301076,1909f56bfc062723c751e8b465ee728b)
Start importing Assets/Materials/WireRed.mat using Guid(41d31eead4ff0064a9243d3bb949ea27) Importer(815301076,1909f56bfc062723c751e8b465ee728b)  -> (artifact id: 'e3ca5312bdd95f86148cde755c042085') in 0.013094 seconds 
  Import took 0.018380 seconds .

========================================================================
Received Import Request.
  Time since last request: 0.000504 seconds.
  path: Assets/Materials/CuSO4.mat
  artifactKey: Guid(31cbdd70a4e40654a92d63253759102f) Importer(815301076,1909f56bfc062723c751e8b465ee728b)
Start importing Assets/Materials/CuSO4.mat using Guid(31cbdd70a4e40654a92d63253759102f) Importer(815301076,1909f56bfc062723c751e8b465ee728b)  -> (artifact id: 'cffdef5a46a230e7ace9014dff1d8092') in 0.017230 seconds 
  Import took 0.021563 seconds .

========================================================================
Received Import Request.
  Time since last request: 0.000244 seconds.
  path: Assets/Materials/WireBlue.mat
  artifactKey: Guid(2845ada41349f2348a37ca5b157f15e9) Importer(815301076,1909f56bfc062723c751e8b465ee728b)
Start importing Assets/Materials/WireBlue.mat using Guid(2845ada41349f2348a37ca5b157f15e9) Importer(815301076,1909f56bfc062723c751e8b465ee728b)  -> (artifact id: '0bfd093c60c1544bce3921098229ad5d') in 0.010991 seconds 
  Import took 0.015133 seconds .

========================================================================
Received Import Request.
  Time since last request: 0.000274 seconds.
  path: Assets/Materials/TestInvisible.mat
  artifactKey: Guid(333f0f4e3b2cbcd49998f570faff7348) Importer(815301076,1909f56bfc062723c751e8b465ee728b)
Start importing Assets/Materials/TestInvisible.mat using Guid(333f0f4e3b2cbcd49998f570faff7348) Importer(815301076,1909f56bfc062723c751e8b465ee728b)  -> (artifact id: '7b570d2957e831143f99b341a7689a57') in 0.303115 seconds 
  Import took 0.307290 seconds .

========================================================================
Received Import Request.
  Time since last request: 0.000353 seconds.
  path: Assets/Materials/Kolba_ZnSO4.mat
  artifactKey: Guid(9a93cfde13d61c042bfbb1eb45c4ca68) Importer(815301076,1909f56bfc062723c751e8b465ee728b)
Start importing Assets/Materials/Kolba_ZnSO4.mat using Guid(9a93cfde13d61c042bfbb1eb45c4ca68) Importer(815301076,1909f56bfc062723c751e8b465ee728b)  -> (artifact id: '0da500f95a896af2005ff13bd13a099b') in 0.011345 seconds 
  Import took 0.016233 seconds .

========================================================================
Received Import Request.
  Time since last request: 0.000513 seconds.
  path: Assets/Materials/KCl.mat
  artifactKey: Guid(a4015d1fe8871f94f887fd642a892f20) Importer(815301076,1909f56bfc062723c751e8b465ee728b)
Start importing Assets/Materials/KCl.mat using Guid(a4015d1fe8871f94f887fd642a892f20) Importer(815301076,1909f56bfc062723c751e8b465ee728b)  -> (artifact id: '8f69c4bed5546d40248877a5b1aa6c81') in 0.012092 seconds 
  Import took 0.017013 seconds .

========================================================================
Received Import Request.
  Time since last request: 0.000350 seconds.
  path: Assets/Materials/Water_Particles.mat
  artifactKey: Guid(45704be5503d7c645b43ad8071ab0dec) Importer(815301076,1909f56bfc062723c751e8b465ee728b)
Start importing Assets/Materials/Water_Particles.mat using Guid(45704be5503d7c645b43ad8071ab0dec) Importer(815301076,1909f56bfc062723c751e8b465ee728b)  -> (artifact id: 'b4c569387fe420e9b34c526b255f3b5a') in 0.016591 seconds 
  Import took 0.021096 seconds .

========================================================================
Received Import Request.
  Time since last request: 0.000338 seconds.
  path: Assets/Materials/Plastic.mat
  artifactKey: Guid(33476b825fe8be84f86fa7a215729849) Importer(815301076,1909f56bfc062723c751e8b465ee728b)
Start importing Assets/Materials/Plastic.mat using Guid(33476b825fe8be84f86fa7a215729849) Importer(815301076,1909f56bfc062723c751e8b465ee728b)  -> (artifact id: '60fd4c9ec1aa0bb7548d8e4004ff4067') in 0.015265 seconds 
  Import took 0.020154 seconds .

========================================================================
Received Import Request.
  Time since last request: 0.000315 seconds.
  path: Assets/Materials/WorkingMat.mat
  artifactKey: Guid(9ca98e98b5b5fef40a2bac63d4a65f5d) Importer(815301076,1909f56bfc062723c751e8b465ee728b)
Start importing Assets/Materials/WorkingMat.mat using Guid(9ca98e98b5b5fef40a2bac63d4a65f5d) Importer(815301076,1909f56bfc062723c751e8b465ee728b)  -> (artifact id: '5a3cf3cecec93da3c151cab85b049937') in 0.018687 seconds 
  Import took 0.023808 seconds .

========================================================================
Received Import Request.
  Time since last request: 0.000330 seconds.
  path: Assets/Materials/Kolba_CuSO4.mat
  artifactKey: Guid(acb7a6b8ee82e354ba5e292c9238574e) Importer(815301076,1909f56bfc062723c751e8b465ee728b)
Start importing Assets/Materials/Kolba_CuSO4.mat using Guid(acb7a6b8ee82e354ba5e292c9238574e) Importer(815301076,1909f56bfc062723c751e8b465ee728b)  -> (artifact id: '021a2453e1eaf2b2e2e6cd1b74bae6d1') in 0.011195 seconds 
  Import took 0.016473 seconds .

========================================================================
Received Import Request.
  Time since last request: 0.000401 seconds.
  path: Assets/Materials/Voltmetr.mat
  artifactKey: Guid(d76e5cb52c0ca4645833867a358a7d87) Importer(815301076,1909f56bfc062723c751e8b465ee728b)
Start importing Assets/Materials/Voltmetr.mat using Guid(d76e5cb52c0ca4645833867a358a7d87) Importer(815301076,1909f56bfc062723c751e8b465ee728b)  -> (artifact id: '0715232293617e333098d36da339faf7') in 0.011047 seconds 
  Import took 0.016365 seconds .

========================================================================
Received Import Request.
  Time since last request: 29.494397 seconds.
  path: Assets/Sprites/1226240-windows-xp-wallpaper-3840x2160-download.jpg
  artifactKey: Guid(4cffe65fc295c4245969eca289e68f9f) Importer(815301076,1909f56bfc062723c751e8b465ee728b)
Start importing Assets/Sprites/1226240-windows-xp-wallpaper-3840x2160-download.jpg using Guid(4cffe65fc295c4245969eca289e68f9f) Importer(815301076,1909f56bfc062723c751e8b465ee728b)  -> (artifact id: '74cdd0cf151d2e37eca6edb5df3c31b0') in 0.067726 seconds 
  Import took 0.072162 seconds .

========================================================================
Received Import Request.
  Time since last request: 0.000348 seconds.
  path: Assets/Sprites/KCl.png
  artifactKey: Guid(d91e19fbe7151844b952a59b161529ca) Importer(815301076,1909f56bfc062723c751e8b465ee728b)
Start importing Assets/Sprites/KCl.png using Guid(d91e19fbe7151844b952a59b161529ca) Importer(815301076,1909f56bfc062723c751e8b465ee728b)  -> (artifact id: '1707254678d4c1f75e2bd9af628035ea') in 0.016265 seconds 
  Import took 0.020692 seconds .

========================================================================
Received Import Request.
  Time since last request: 115.390475 seconds.
  path: Assets/Shaders
  artifactKey: Guid(fd5b80da7162689459771a9a8d91833d) Importer(815301076,1909f56bfc062723c751e8b465ee728b)
Start importing Assets/Shaders using Guid(fd5b80da7162689459771a9a8d91833d) Importer(815301076,1909f56bfc062723c751e8b465ee728b)  -> (artifact id: 'f5f16a6d1c8cb6c2e5597369700e4ac8') in 0.003293 seconds 
  Import took 0.008605 seconds .

========================================================================
Received Import Request.
  Time since last request: 20.553710 seconds.
  path: Assets/Shaders/WaterShader.shadergraph
  artifactKey: Guid(5afb361282251e244af3f406b702490a) Importer(815301076,1909f56bfc062723c751e8b465ee728b)
Start importing Assets/Shaders/WaterShader.shadergraph using Guid(5afb361282251e244af3f406b702490a) Importer(815301076,1909f56bfc062723c751e8b465ee728b)  -> (artifact id: '7d58b48c5f7827360a8962f2b1e4c20c') in 0.006561 seconds 
  Import took 0.011388 seconds .

========================================================================
Received Import Request.
  Time since last request: 0.756021 seconds.
  path: Assets/Shaders/WaterShader.shadergraph
  artifactKey: Guid(5afb361282251e244af3f406b702490a) Importer(815301076,1909f56bfc062723c751e8b465ee728b)
Start importing Assets/Shaders/WaterShader.shadergraph using Guid(5afb361282251e244af3f406b702490a) Importer(815301076,1909f56bfc062723c751e8b465ee728b)  -> (artifact id: '7d58b48c5f7827360a8962f2b1e4c20c') in 0.005229 seconds 
  Import took 0.010768 seconds .

========================================================================
Received Import Request.
  Time since last request: 104.611518 seconds.
  path: Assets/Save1.unity
  artifactKey: Guid(7a2b0a6c967db8d44a1c0b46bb793b5d) Importer(815301076,1909f56bfc062723c751e8b465ee728b)
Start importing Assets/Save1.unity using Guid(7a2b0a6c967db8d44a1c0b46bb793b5d) Importer(815301076,1909f56bfc062723c751e8b465ee728b)  -> (artifact id: '060f1db89e1934d576a98e991bb442b2') in 0.004910 seconds 
  Import took 0.011337 seconds .

========================================================================
Received Import Request.
  Time since last request: 8.524685 seconds.
  path: Assets/Scenes/OptimizingProject.unity
  artifactKey: Guid(a5316e66a793c744ba11d91b95dda760) Importer(815301076,1909f56bfc062723c751e8b465ee728b)
Start importing Assets/Scenes/OptimizingProject.unity using Guid(a5316e66a793c744ba11d91b95dda760) Importer(815301076,1909f56bfc062723c751e8b465ee728b)  -> (artifact id: '34a9652f4aef46f2d1114b949897673f') in 0.003747 seconds 
  Import took 0.009637 seconds .

========================================================================
Received Import Request.
  Time since last request: 248.595309 seconds.
  path: Assets/Scenes/chemical current sources.unity
  artifactKey: Guid(a5316e66a793c744ba11d91b95dda760) Importer(815301076,1909f56bfc062723c751e8b465ee728b)
Start importing Assets/Scenes/chemical current sources.unity using Guid(a5316e66a793c744ba11d91b95dda760) Importer(815301076,1909f56bfc062723c751e8b465ee728b)  -> (artifact id: 'ab7f590874584834ffe395c8a5466e42') in 0.004353 seconds 
  Import took 0.009873 seconds .

========================================================================
Received Import Request.
  Time since last request: 22.389181 seconds.
  path: Assets/Scenes/Сhemical_Current_Sources.unity
  artifactKey: Guid(a5316e66a793c744ba11d91b95dda760) Importer(815301076,1909f56bfc062723c751e8b465ee728b)
Start importing Assets/Scenes/Сhemical_Current_Sources.unity using Guid(a5316e66a793c744ba11d91b95dda760) Importer(815301076,1909f56bfc062723c751e8b465ee728b)  -> (artifact id: 'de284e517c632deef8be5f3d9b7502e3') in 0.003659 seconds 
  Import took 0.008077 seconds .

AssetImportWorkerClient::OnTransportError - code=2 error=End of file
