Using pre-set license
Built from '2021.1/staging' branch; Version is '2021.1.3f1 (4bef613afd59) revision 4976481'; Using compiler version '192528614'; Build Type 'Release'
OS: 'Windows 10 Pro; OS build 19043.1165; Version 2009; 64bit' Language: 'ru' Physical Memory: 16276 MB
BatchMode: 1, IsHumanControllingUs: 0, StartBugReporterOnCrash: 0, Is64bit: 1, IsPro: 0

 COMMAND LINE ARGUMENTS:
D:\UnityHub\2021.1.3f1\Editor\Unity.exe
-adb2
-batchMode
-noUpm
-name
AssetImportWorker0
-projectPath
C:/Users/stas9/Desktop/New Unity Project (1)
-logFile
Logs/AssetImportWorker0.log
-srvPort
54467
Successfully changed project path to: C:/Users/stas9/Desktop/New Unity Project (1)
C:/Users/stas9/Desktop/New Unity Project (1)
Using Asset Import Pipeline V2.
Refreshing native plugins compatible for Editor in 88.52 ms, found 2 plugins.
Preloading 0 native plugins for Editor in 0.00 ms.
Initialize engine version: 2021.1.3f1 (4bef613afd59)
[Subsystems] Discovering subsystems at path D:/UnityHub/2021.1.3f1/Editor/Data/Resources/UnitySubsystems
[Subsystems] Discovering subsystems at path C:/Users/stas9/Desktop/New Unity Project (1)/Assets
GfxDevice: creating device client; threaded=0; jobified=0
Direct3D:
    Version:  Direct3D 11.0 [level 11.1]
    Renderer: NVIDIA GeForce GTX 1050 Ti (ID=0x1c8c)
    Vendor:   NVIDIA
    VRAM:     4021 MB
    Driver:   30.0.14.7168
Initialize mono
Mono path[0] = 'D:/UnityHub/2021.1.3f1/Editor/Data/Managed'
Mono path[1] = 'D:/UnityHub/2021.1.3f1/Editor/Data/MonoBleedingEdge/lib/mono/unityjit'
Mono config path = 'D:/UnityHub/2021.1.3f1/Editor/Data/MonoBleedingEdge/etc'
Using monoOptions --debugger-agent=transport=dt_socket,embedding=1,server=y,suspend=n,address=127.0.0.1:56088
Begin MonoManager ReloadAssembly
Registering precompiled unity dll's ...
Register platform support module: D:/UnityHub/2021.1.3f1/Editor/Data/PlaybackEngines/WebGLSupport/UnityEditor.WebGL.Extensions.dll
Register platform support module: D:/UnityHub/2021.1.3f1/Editor/Data/PlaybackEngines/WindowsStandaloneSupport/UnityEditor.WindowsStandalone.Extensions.dll
Registered in 0.001819 seconds.
Native extension for WindowsStandalone target not found
Native extension for WebGL target not found
Refreshing native plugins compatible for Editor in 65.21 ms, found 2 plugins.
Preloading 0 native plugins for Editor in 0.00 ms.
Mono: successfully reloaded assembly
- Completed reload, in  1.837 seconds
Platform modules already initialized, skipping
Registering precompiled user dll's ...
Registered in 0.005944 seconds.
Begin MonoManager ReloadAssembly
Native extension for WindowsStandalone target not found
Native extension for WebGL target not found
Refreshing native plugins compatible for Editor in 70.64 ms, found 2 plugins.
Preloading 0 native plugins for Editor in 0.00 ms.
Mono: successfully reloaded assembly
- Completed reload, in  1.772 seconds
Platform modules already initialized, skipping
========================================================================
Worker process is ready to serve import requests
Launched and connected shader compiler UnityShaderCompiler.exe after 0.07 seconds
Refreshing native plugins compatible for Editor in 1.15 ms, found 2 plugins.
Preloading 0 native plugins for Editor in 0.00 ms.
Unloading 2343 Unused Serialized files (Serialized files now loaded: 0)
System memory in use before: 107.9 MB.
System memory in use after: 107.7 MB.

Unloading 21 unused Assets to reduce memory usage. Loaded Objects now: 2811.
Total: 4.945200 ms (FindLiveObjects: 1.293700 ms CreateObjectMapping: 0.281900 ms MarkObjects: 3.094300 ms  DeleteObjects: 0.273700 ms)

========================================================================
Received Import Request.
  path: Assets/Scripts/AnimController.cs
  artifactKey: Guid(d64009928868b3c4294428b6d5939c61) Importer(815301076,1909f56bfc062723c751e8b465ee728b)
Start importing Assets/Scripts/AnimController.cs using Guid(d64009928868b3c4294428b6d5939c61) Importer(815301076,1909f56bfc062723c751e8b465ee728b)  -> (artifact id: 'bc244c4cad479134ea6cdfa8dfe46cca') in 0.041861 seconds 
========================================================================
Received Prepare
Refreshing native plugins compatible for Editor in 3.26 ms, found 2 plugins.
Preloading 0 native plugins for Editor in 0.00 ms.
Unloading 14 Unused Serialized files (Serialized files now loaded: 0)
System memory in use before: 59.6 MB.
System memory in use after: 59.4 MB.

Unloading 14 unused Assets to reduce memory usage. Loaded Objects now: 2811.
Total: 3.949000 ms (FindLiveObjects: 0.260400 ms CreateObjectMapping: 0.139500 ms MarkObjects: 3.313700 ms  DeleteObjects: 0.234000 ms)

========================================================================
Received Prepare
Registering precompiled user dll's ...
Registered in 0.006076 seconds.
Begin MonoManager ReloadAssembly
Native extension for WindowsStandalone target not found
Native extension for WebGL target not found
Refreshing native plugins compatible for Editor in 0.56 ms, found 2 plugins.
Preloading 0 native plugins for Editor in 0.00 ms.
Mono: successfully reloaded assembly
- Completed reload, in  1.482 seconds
Platform modules already initialized, skipping
Refreshing native plugins compatible for Editor in 0.53 ms, found 2 plugins.
Preloading 0 native plugins for Editor in 0.00 ms.
Unloading 2313 Unused Serialized files (Serialized files now loaded: 0)
System memory in use before: 105.4 MB.
System memory in use after: 105.3 MB.

Unloading 16 unused Assets to reduce memory usage. Loaded Objects now: 2814.
Total: 4.166500 ms (FindLiveObjects: 0.240900 ms CreateObjectMapping: 0.103600 ms MarkObjects: 3.585700 ms  DeleteObjects: 0.234800 ms)

========================================================================
Received Prepare
Registering precompiled user dll's ...
Registered in 0.005749 seconds.
Begin MonoManager ReloadAssembly
Native extension for WindowsStandalone target not found
Native extension for WebGL target not found
Refreshing native plugins compatible for Editor in 0.46 ms, found 2 plugins.
Preloading 0 native plugins for Editor in 0.00 ms.
Mono: successfully reloaded assembly
- Completed reload, in  1.139 seconds
Platform modules already initialized, skipping
Refreshing native plugins compatible for Editor in 0.54 ms, found 2 plugins.
Preloading 0 native plugins for Editor in 0.00 ms.
Unloading 2313 Unused Serialized files (Serialized files now loaded: 0)
System memory in use before: 105.5 MB.
System memory in use after: 105.3 MB.

Unloading 16 unused Assets to reduce memory usage. Loaded Objects now: 2817.
Total: 4.569500 ms (FindLiveObjects: 0.238200 ms CreateObjectMapping: 0.156200 ms MarkObjects: 3.915700 ms  DeleteObjects: 0.244600 ms)

AssetImportWorkerClient::OnTransportError - code=2 error=End of file
